2025-07-01 00:08:27,189 - journal_bot - INFO - Scheduling journal bot to run daily at 09:00
2025-07-01 00:09:02,752 - journal_bot - INFO - Scheduling journal bot to run daily at 09:00
2025-07-01 00:13:02,280 - journal_bot - INFO - Running journal bot...
2025-07-01 00:13:02,281 - journal_bot - INFO - Created journal entries directory at C:\Users\ryand\Desktop\52 projects\daily-journal\entries
2025-07-01 00:13:31,197 - journal_bot - INFO - Created journal entry: C:\Users\ryand\Desktop\52 projects\daily-journal\entries\2025-07-01.md
2025-07-01 00:13:31,384 - journal_bot - INFO - No remote repository configured. Skipping push.
2025-07-01 00:13:31,385 - journal_bot - INFO - To push manually, set up a remote repository and run: git push -u origin main
2025-07-01 00:13:31,385 - journal_bot - INFO - Successfully committed journal entry for 2025-07-01
2025-07-01 00:13:31,386 - journal_bot - INFO - Journal bot completed successfully!
2025-07-01 00:17:07,022 - journal_bot - INFO - Running journal bot...
2025-07-01 00:17:07,023 - journal_bot - INFO - Created month directory at C:\Users\ryand\Desktop\52 projects\daily-journal\journals\july
2025-07-01 00:17:12,159 - journal_bot - INFO - Created journal entry: C:\Users\ryand\Desktop\52 projects\daily-journal\journals\july\README.md
2025-07-01 00:17:12,330 - journal_bot - INFO - No remote repository configured. Skipping push.
2025-07-01 00:17:12,331 - journal_bot - INFO - To push manually, set up a remote repository and run: git push -u origin main
2025-07-01 00:17:12,331 - journal_bot - INFO - Successfully committed journal entry for 2025-07-01
2025-07-01 00:17:12,331 - journal_bot - INFO - Journal bot completed successfully!
2025-07-01 00:24:49,312 - journal_bot - INFO - Running journal bot...
2025-07-01 00:24:49,313 - journal_bot - INFO - Created month directory at C:\Users\ryand\Desktop\52 projects\daily-journal\journals\july-2025
2025-07-01 00:24:49,314 - journal_bot - INFO - Created day directory at C:\Users\ryand\Desktop\52 projects\daily-journal\journals\july-2025\01
2025-07-01 00:24:52,947 - journal_bot - INFO - Created journal entry: C:\Users\ryand\Desktop\52 projects\daily-journal\journals\july-2025\01\README.md
2025-07-01 00:24:53,131 - journal_bot - INFO - No remote repository configured. Skipping push.
2025-07-01 00:24:53,131 - journal_bot - INFO - To push manually, set up a remote repository and run: git push -u origin main
2025-07-01 00:24:53,131 - journal_bot - INFO - Successfully committed journal entry for 2025-07-01
2025-07-01 00:24:53,131 - journal_bot - INFO - Journal bot completed successfully!
